<?xml version="1.0" encoding="UTF-8"?>
<testng-results ignored="0" total="3" passed="3" failed="0" skipped="0">
  <reporter-output>
  </reporter-output>
  <suite started-at="2023-01-08T18:49:59 IST" name="mySuite " finished-at="2023-01-08T18:50:10 IST" duration-ms="10287">
    <groups>
    </groups>
    <test started-at="2023-01-08T18:49:59 IST" name="MyTests" finished-at="2023-01-08T18:50:10 IST" duration-ms="10287">
      <class name="com.evy.tests.AddDiscussionTest">
        <test-method is-config="true" signature="setup()[pri:0, instance:com.evy.tests.AddDiscussionTest@2e8c1c9b]" started-at="2023-01-08T18:50:00 IST" name="setup" finished-at="2023-01-08T18:50:04 IST" duration-ms="4068" status="PASS">
          <reporter-output>
          </reporter-output>
        </test-method> <!-- setup -->
        <test-method signature="tc_addDiscussion(com.evy.data.DiscussionData$Discussion)[pri:0, instance:com.evy.tests.AddDiscussionTest@2e8c1c9b]" started-at="2023-01-08T18:50:04 IST" name="tc_addDiscussion" data-provider="jsonDataProvider" finished-at="2023-01-08T18:50:09 IST" duration-ms="4913" status="PASS">
          <params>
            <param index="0">
              <value>
                <![CDATA[com.evy.data.DiscussionData$Discussion@1cefc4b3]]>
              </value>
            </param>
          </params>
          <reporter-output>
          </reporter-output>
        </test-method> <!-- tc_addDiscussion -->
        <test-method is-config="true" signature="tearDown()[pri:0, instance:com.evy.tests.AddDiscussionTest@2e8c1c9b]" started-at="2023-01-08T18:50:09 IST" name="tearDown" finished-at="2023-01-08T18:50:09 IST" duration-ms="620" status="PASS">
          <reporter-output>
          </reporter-output>
        </test-method> <!-- tearDown -->
      </class> <!-- com.evy.tests.AddDiscussionTest -->
      <class name="com.evy.tests.AddTaskTest">
        <test-method is-config="true" signature="setup()[pri:0, instance:com.evy.tests.AddTaskTest@273e7444]" started-at="2023-01-08T18:50:00 IST" name="setup" finished-at="2023-01-08T18:50:04 IST" duration-ms="4090" status="PASS">
          <reporter-output>
          </reporter-output>
        </test-method> <!-- setup -->
        <test-method signature="tc_addTask(com.evy.data.TaskData$Task)[pri:0, instance:com.evy.tests.AddTaskTest@273e7444]" started-at="2023-01-08T18:50:04 IST" name="tc_addTask" data-provider="jsonDataProvider" finished-at="2023-01-08T18:50:09 IST" duration-ms="5457" status="PASS">
          <params>
            <param index="0">
              <value>
                <![CDATA[com.evy.data.TaskData$Task@6f6a7463]]>
              </value>
            </param>
          </params>
          <reporter-output>
          </reporter-output>
        </test-method> <!-- tc_addTask -->
        <test-method is-config="true" signature="tearDown()[pri:0, instance:com.evy.tests.AddTaskTest@273e7444]" started-at="2023-01-08T18:50:09 IST" name="tearDown" finished-at="2023-01-08T18:50:10 IST" duration-ms="605" status="PASS">
          <reporter-output>
          </reporter-output>
        </test-method> <!-- tearDown -->
      </class> <!-- com.evy.tests.AddTaskTest -->
      <class name="com.evy.tests.AddTicketTest">
        <test-method is-config="true" signature="setup()[pri:0, instance:com.evy.tests.AddTicketTest@76a4ebf2]" started-at="2023-01-08T18:50:00 IST" name="setup" finished-at="2023-01-08T18:50:04 IST" duration-ms="4223" status="PASS">
          <reporter-output>
          </reporter-output>
        </test-method> <!-- setup -->
        <test-method signature="tc_addTicket(com.evy.data.TicketData$Ticket)[pri:0, instance:com.evy.tests.AddTicketTest@76a4ebf2]" started-at="2023-01-08T18:50:04 IST" name="tc_addTicket" data-provider="jsonDataProvider" finished-at="2023-01-08T18:50:09 IST" duration-ms="5279" status="PASS">
          <params>
            <param index="0">
              <value>
                <![CDATA[com.evy.data.TicketData$Ticket@2b27cc70]]>
              </value>
            </param>
          </params>
          <reporter-output>
          </reporter-output>
        </test-method> <!-- tc_addTicket -->
        <test-method is-config="true" signature="tearDown()[pri:0, instance:com.evy.tests.AddTicketTest@76a4ebf2]" started-at="2023-01-08T18:50:09 IST" name="tearDown" finished-at="2023-01-08T18:50:10 IST" duration-ms="617" status="PASS">
          <reporter-output>
          </reporter-output>
        </test-method> <!-- tearDown -->
      </class> <!-- com.evy.tests.AddTicketTest -->
    </test> <!-- MyTests -->
  </suite> <!-- mySuite  -->
</testng-results>
